[0203/114819.900:ERROR:process_reader_win.cc(123)] NtOpenThread: {Access Denied} A process has requested access to an object, but has not been granted those access rights. (0xc0000022)
[0203/114819.902:ERROR:exception_snapshot_win.cc(98)] thread ID 6480 not found in process
[0203/120500.881:ERROR:process_reader_win.cc(123)] NtOpenThread: {Access Denied} A process has requested access to an object, but has not been granted those access rights. (0xc0000022)
[0203/120500.882:ERROR:exception_snapshot_win.cc(98)] thread ID 3184 not found in process
[0203/121044.356:ERROR:process_reader_win.cc(123)] NtOpenThread: {Access Denied} A process has requested access to an object, but has not been granted those access rights. (0xc0000022)
[0203/121044.357:ERROR:exception_snapshot_win.cc(98)] thread ID 13204 not found in process
[0203/121255.337:ERROR:process_reader_win.cc(123)] NtOpenThread: {Access Denied} A process has requested access to an object, but has not been granted those access rights. (0xc0000022)
[0203/121255.338:ERROR:exception_snapshot_win.cc(98)] thread ID 560 not found in process
[0203/121821.007:ERROR:process_reader_win.cc(123)] NtOpenThread: {Access Denied} A process has requested access to an object, but has not been granted those access rights. (0xc0000022)
[0203/121821.008:ERROR:exception_snapshot_win.cc(98)] thread ID 14952 not found in process
[0203/122400.231:ERROR:process_reader_win.cc(123)] NtOpenThread: {Access Denied} A process has requested access to an object, but has not been granted those access rights. (0xc0000022)
[0203/122400.232:ERROR:exception_snapshot_win.cc(98)] thread ID 13304 not found in process
[0203/124439.895:ERROR:process_reader_win.cc(123)] NtOpenThread: {Access Denied} A process has requested access to an object, but has not been granted those access rights. (0xc0000022)
[0203/124439.895:ERROR:exception_snapshot_win.cc(98)] thread ID 9452 not found in process
[0203/125223.089:ERROR:process_reader_win.cc(123)] NtOpenThread: {Access Denied} A process has requested access to an object, but has not been granted those access rights. (0xc0000022)
[0203/125223.090:ERROR:exception_snapshot_win.cc(98)] thread ID 13696 not found in process
[0203/125316.299:ERROR:process_reader_win.cc(123)] NtOpenThread: {Access Denied} A process has requested access to an object, but has not been granted those access rights. (0xc0000022)
[0203/125316.300:ERROR:exception_snapshot_win.cc(98)] thread ID 15468 not found in process
[0203/125408.858:ERROR:file_io.cc(134)] WriteFile: There is not enough space on the disk. (0x70)
[0203/125408.859:ERROR:crash_report_exception_handler.cc(111)] WriteEverything failed
[0203/125408.859:ERROR:filesystem_win.cc(148)] DeleteFile C:\Users\AnDongPc\AppData\Local\Temp\scoped_dir3768_1549569742\Crashpad\reports\f2f56bba-b61a-4db3-8cf3-843839699702.dmp: The process cannot access the file because it is being used by another process. (0x20)
[0203/125517.913:ERROR:file_io.cc(134)] WriteFile: There is not enough space on the disk. (0x70)
[0203/125517.913:ERROR:crash_report_exception_handler.cc(111)] WriteEverything failed
[0203/125517.913:ERROR:filesystem_win.cc(148)] DeleteFile C:\Users\AnDongPc\AppData\Local\Temp\scoped_dir11508_468775753\Crashpad\reports\f1f7f6c0-68ed-45cf-9bed-b0ca5683989e.dmp: The process cannot access the file because it is being used by another process. (0x20)
[0203/125750.103:ERROR:process_reader_win.cc(123)] NtOpenThread: {Access Denied} A process has requested access to an object, but has not been granted those access rights. (0xc0000022)
[0203/125750.103:ERROR:exception_snapshot_win.cc(98)] thread ID 436 not found in process
[0203/144340.354:ERROR:process_reader_win.cc(123)] NtOpenThread: {Access Denied} A process has requested access to an object, but has not been granted those access rights. (0xc0000022)
[0203/144340.355:ERROR:exception_snapshot_win.cc(98)] thread ID 14976 not found in process
[0203/145121.451:ERROR:process_reader_win.cc(123)] NtOpenThread: {Access Denied} A process has requested access to an object, but has not been granted those access rights. (0xc0000022)
[0203/145121.452:ERROR:exception_snapshot_win.cc(98)] thread ID 16260 not found in process
